[04May2025 00:03:51.403] [Server thread/INFO] [net.minecraft.server.players.PlayerList/]: Teffqyy[/127.169.197.159:59057] logged in with entity id 138941 at (813.8010696248956, 72.0, -4819.05190179044)
[04May2025 00:03:51.413] [Server thread/INFO] [net.minecraft.server.MinecraftServer/]: Teffqyy joined the game
[04May2025 00:05:04.564] [Server thread/WARN] [net.minecraft.server.MinecraftServer/]: Can't keep up! Is the server overloaded? Running 2033ms or 40 ticks behind
[04May2025 00:11:34.670] [Server thread/INFO] [net.minecraft.server.MinecraftServer/]: buenxs14 has made the advancement [Blunt-force Trauma]
[04May2025 00:15:18.706] [Server thread/WARN] [net.minecraft.server.network.ServerGamePacketListenerImpl/]: buenxs14 moved wrongly!
[04May2025 00:17:19.553] [Server thread/WARN] [net.minecraft.server.network.ServerGamePacketListenerImpl/]: buenxs14 was kicked for floating too long!
[04May2025 00:17:19.603] [Server thread/INFO] [net.minecraft.server.network.ServerGamePacketListenerImpl/]: buenxs14 lost connection: Flying is not enabled on this server
[04May2025 00:17:19.603] [Server thread/INFO] [net.minecraft.server.MinecraftServer/]: buenxs14 left the game
[04May2025 00:17:24.254] [Server thread/INFO] [net.minecraft.server.MinecraftServer/]: [Not Secure] <Teffqyy> JAJAJAJAJAJAHJAJAJAJAJJAA
[04May2025 00:17:27.209] [Server thread/INFO] [net.minecraft.server.MinecraftServer/]: [Not Secure] <Itz_Jusebg_FpF> AJAJAJJAJAJA
[04May2025 00:17:39.020] [Server thread/INFO] [net.minecraft.server.MinecraftServer/]: Teffqyy has fallen
[04May2025 00:17:49.953] [Server thread/INFO] [net.minecraft.server.MinecraftServer/]: Teffqyy has been revived
[04May2025 00:24:42.483] [Server thread/INFO] [net.minecraft.server.players.PlayerList/]: buenxs14[/127.26.163.190:39507] logged in with entity id 148278 at (-934.1044363353832, 158.68393018670784, -4819.974841308305)
[04May2025 00:24:42.489] [Server thread/INFO] [net.minecraft.server.MinecraftServer/]: buenxs14 joined the game
[04May2025 00:27:24.677] [Server thread/INFO] [net.minecraft.world.entity.LivingEntity/]: Named entity Slime['Toxic Slime'/149179, l='ServerLevel[world]', x=62.92, y=38.00, z=-928.82] died: Toxic Slime was shot by Itz_Jusebg_FpF
[04May2025 00:27:27.277] [Server thread/INFO] [net.minecraft.world.entity.LivingEntity/]: Named entity Slime['Toxic Slime'/149060, l='ServerLevel[world]', x=62.10, y=37.00, z=-932.66] died: Toxic Slime was slain by Itz_Jusebg_FpF
[04May2025 00:30:13.080] [Server thread/INFO] [net.minecraft.server.MinecraftServer/]: [Not Secure] <Teffqyy> LLEVAME AL NETHER
[04May2025 00:30:15.025] [Server thread/INFO] [net.minecraft.server.MinecraftServer/]: [Not Secure] <Teffqyy> especial
[04May2025 00:30:22.360] [Server thread/INFO] [net.minecraft.server.MinecraftServer/]: [Not Secure] <Teffqyy> sip
[04May2025 00:31:27.165] [Server thread/INFO] [net.minecraft.server.MinecraftServer/]: Teffqyy has made the advancement [Those Were the Days]
[04May2025 00:32:02.166] [Server thread/INFO] [net.minecraft.server.MinecraftServer/]: Teffqyy has made the advancement [Hellfire Mantle]
